<?xml version="1.0" encoding="UTF-8"?>
<!-- Generated by org.testng.reporters.JUnitReportReporter -->
<testsuite skipped="1" hostname="DESKTOP-C01PVB3" name="com.testcases.SettingsPageTest" tests="2" failures="0" timestamp="17 Dec 2019 03:00:20 GMT" time="26.931" errors="0">
  <testcase name="verify_all_tooltips_in_settings_page_Test" time="26.931" classname="com.testcases.SettingsPageTest"/>
  <testcase name="verify_Dashboard_Time_scale_settings_Test" classname="com.testcases.SettingsPageTest">
    <skipped/>
  </testcase> <!-- verify_Dashboard_Time_scale_settings_Test -->
</testsuite> <!-- com.testcases.SettingsPageTest -->
