<?xml version="1.0" encoding="UTF-8"?>
<!-- Generated by org.testng.reporters.JUnitReportReporter -->
<testsuite skipped="0" hostname="DESKTOP-C01PVB3" name="com.testcases.DashBoardPageTest" tests="1" failures="0" timestamp="29 Jan 2020 09:39:37 GMT" time="27.794" errors="0">
  <testcase name="verify_Preview_report_option_Test" time="27.794" classname="com.testcases.DashBoardPageTest"/>
</testsuite> <!-- com.testcases.DashBoardPageTest -->
