<?xml version="1.0" encoding="UTF-8"?>
<!-- Generated by org.testng.reporters.JUnitReportReporter -->
<testsuite skipped="0" hostname="DESKTOP-C01PVB3" name="com.testcases.TaskBoardPageTest" tests="1" failures="0" timestamp="14 Apr 2020 11:42:22 GMT" time="35.315" errors="0">
  <testcase name="verify_Add_tag_to_corrective_action_Test" time="35.315" classname="com.testcases.TaskBoardPageTest"/>
</testsuite> <!-- com.testcases.TaskBoardPageTest -->
