<?xml version="1.0" encoding="UTF-8"?>
<!-- Generated by org.testng.reporters.JUnitReportReporter -->
<testsuite skipped="0" hostname="DESKTOP-C01PVB3" name="com.testcases.BuildAuditPageTest" tests="1" failures="0" timestamp="28 Apr 2020 04:57:46 GMT" time="65.482" errors="0">
  <testcase name="verify_Create_audit_and_upload_image_to_audit_Test" time="65.482" classname="com.testcases.BuildAuditPageTest"/>
</testsuite> <!-- com.testcases.BuildAuditPageTest -->
