<?xml version="1.0" encoding="UTF-8"?>
<!-- Generated by org.testng.reporters.JUnitReportReporter -->
<testsuite skipped="1" hostname="DESKTOP-C01PVB3" name="com.testcases.LoginPageTest" tests="2" failures="0" timestamp="27 Feb 2020 03:24:47 GMT" time="25.587" errors="0">
  <testcase name="Login_Test" time="25.587" classname="com.testcases.LoginPageTest"/>
  <testcase name="verify_Login_form" classname="com.testcases.LoginPageTest">
    <skipped/>
  </testcase> <!-- verify_Login_form -->
</testsuite> <!-- com.testcases.LoginPageTest -->
