<?xml version="1.0" encoding="UTF-8"?>
<!-- Generated by org.testng.reporters.JUnitReportReporter -->
<testsuite skipped="0" hostname="DESKTOP-C01PVB3" name="com.testcases.BuildPageTest" tests="1" failures="0" timestamp="01 Apr 2020 09:31:25 GMT" time="414.247" errors="0">
  <testcase name="Create_Questionnaire_for_Analyse_Test" time="414.247" classname="com.testcases.BuildPageTest"/>
</testsuite> <!-- com.testcases.BuildPageTest -->
